@!@!@STARTMSG 2262:0 @!@!@
TLC2 Version 2.08 of 21 December 2015
@!@!@ENDMSG 2262 @!@!@
@!@!@STARTMSG 2187:0 @!@!@
Running in Model-Checking mode.
@!@!@ENDMSG 2187 @!@!@
@!@!@STARTMSG 2220:0 @!@!@
Starting SANY...
@!@!@ENDMSG 2220 @!@!@
Parsing file MC.tla
Parsing file voldemort.tla
Parsing file F:\course work\TLA+\TLAToolbox-1.5.2-win32.win32.x86_64\toolbox\plugins\org.lamport.tlatools_1.0.0.201512230951\tla2sany\StandardModules\TLC.tla
Parsing file F:\course work\TLA+\TLAToolbox-1.5.2-win32.win32.x86_64\toolbox\plugins\org.lamport.tlatools_1.0.0.201512230951\tla2sany\StandardModules\Integers.tla
Parsing file F:\course work\TLA+\TLAToolbox-1.5.2-win32.win32.x86_64\toolbox\plugins\org.lamport.tlatools_1.0.0.201512230951\tla2sany\StandardModules\Sequences.tla
Parsing file F:\course work\TLA+\TLAToolbox-1.5.2-win32.win32.x86_64\toolbox\plugins\org.lamport.tlatools_1.0.0.201512230951\tla2sany\StandardModules\FiniteSets.tla
Parsing file F:\course work\TLA+\TLAToolbox-1.5.2-win32.win32.x86_64\toolbox\plugins\org.lamport.tlatools_1.0.0.201512230951\tla2sany\StandardModules\Naturals.tla
Semantic processing of module Naturals
Semantic processing of module Integers
Semantic processing of module Sequences
Semantic processing of module FiniteSets
Semantic processing of module TLC
Semantic processing of module voldemort
Semantic processing of module MC
@!@!@STARTMSG 2219:0 @!@!@
SANY finished.
@!@!@ENDMSG 2219 @!@!@
@!@!@STARTMSG 2185:0 @!@!@
Starting... (2016-11-15 20:58:24)
@!@!@ENDMSG 2185 @!@!@
@!@!@STARTMSG 2212:0 @!@!@
Implied-temporal checking--satisfiability problem has 1 branches.
@!@!@ENDMSG 2212 @!@!@
@!@!@STARTMSG 2189:0 @!@!@
Computing initial states...
@!@!@ENDMSG 2189 @!@!@
@!@!@STARTMSG 2190:0 @!@!@
Finished computing initial states: 1 distinct state generated.
@!@!@ENDMSG 2190 @!@!@
@!@!@STARTMSG 2192:0 @!@!@
Checking temporal properties for the current state space with 541 total distinct states at (2016-11-15 20:58:28)
@!@!@ENDMSG 2192 @!@!@
@!@!@STARTMSG 2267:0 @!@!@
Finished checking temporal properties in 00s at 2016-11-15 20:58:28
@!@!@ENDMSG 2267 @!@!@
@!@!@STARTMSG 2200:0 @!@!@
Progress(11) at 2016-11-15 20:58:28: 2878 states generated (2,873 s/min), 545 distinct states found (545 ds/min), 64 states left on queue.
@!@!@ENDMSG 2200 @!@!@
@!@!@STARTMSG 2110:1 @!@!@
Invariant inv_14792615021259000 is violated.
@!@!@ENDMSG 2110 @!@!@
@!@!@STARTMSG 2121:1 @!@!@
The behavior up to this point is:
@!@!@ENDMSG 2121 @!@!@
@!@!@STARTMSG 2217:4 @!@!@
1: <Initial predicate>
/\ hver = (6 :> 0)
/\ CVER = 0
/\ writeQ = (6 :> {})
/\ Q = (6 :> {})
/\ cntr = (6 :> 0)
/\ FailNum = 2
/\ i = (6 :> 0)
/\ q = (6 :> 0)
/\ r = (6 :> defaultInitValue)
/\ t = (6 :> 0)
/\ v = (6 :> 0)
/\ x = <<0, 0, 0, 0, 0, 0>>
/\ pc = <<"L5", "L5", "L5", "L5", "L5", "CL">>
/\ nodeVersions = (6 :> {})
/\ db = << {[ver |-> 0, val |-> 0]},
   {[ver |-> 0, val |-> 0]},
   {[ver |-> 0, val |-> 0]},
   {[ver |-> 0, val |-> 0]},
   {[ver |-> 0, val |-> 0]} >>
/\ data = (6 :> 0)
/\ temp = <<0, 0, 0, 0, 0, 0>>
/\ ver = (6 :> {})
/\ tempQ = << defaultInitValue,
   defaultInitValue,
   defaultInitValue,
   defaultInitValue,
   defaultInitValue,
   defaultInitValue >>
/\ HVAL = 0
/\ CVAL = 0
/\ up = <<TRUE, TRUE, TRUE, TRUE, TRUE>>
/\ x_ = <<0, 0, 0, 0, 0>>
/\ stack = <<<<>>, <<>>, <<>>, <<>>, <<>>, <<>>>>

@!@!@ENDMSG 2217 @!@!@
@!@!@STARTMSG 2217:4 @!@!@
2: <Action line 161, col 13 to line 170, col 44 of module voldemort>
/\ hver = (6 :> 0)
/\ CVER = 0
/\ writeQ = (6 :> {})
/\ Q = (6 :> {1, 2})
/\ cntr = (6 :> 1)
/\ FailNum = 2
/\ i = (6 :> 0)
/\ q = (6 :> 0)
/\ r = (6 :> defaultInitValue)
/\ t = (6 :> 0)
/\ v = (6 :> 0)
/\ x = <<0, 0, 0, 0, 0, 0>>
/\ pc = <<"L5", "L5", "L5", "L5", "L5", "L2">>
/\ nodeVersions = (6 :> {})
/\ db = << {[ver |-> 0, val |-> 0]},
   {[ver |-> 0, val |-> 0]},
   {[ver |-> 0, val |-> 0]},
   {[ver |-> 0, val |-> 0]},
   {[ver |-> 0, val |-> 0]} >>
/\ data = (6 :> 0)
/\ temp = <<0, 0, 0, 0, 0, 0>>
/\ ver = (6 :> {})
/\ tempQ = << defaultInitValue,
   defaultInitValue,
   defaultInitValue,
   defaultInitValue,
   defaultInitValue,
   defaultInitValue >>
/\ HVAL = 0
/\ CVAL = 0
/\ up = <<TRUE, TRUE, TRUE, TRUE, TRUE>>
/\ x_ = <<0, 0, 0, 0, 0>>
/\ stack = <<<<>>, <<>>, <<>>, <<>>, <<>>, <<>>>>

@!@!@ENDMSG 2217 @!@!@
@!@!@STARTMSG 2217:4 @!@!@
3: <Action line 172, col 13 to line 191, col 73 of module voldemort>
/\ hver = (6 :> 0)
/\ CVER = 0
/\ writeQ = (6 :> {})
/\ Q = (6 :> {2})
/\ cntr = (6 :> 1)
/\ FailNum = 2
/\ i = (6 :> 0)
/\ q = (6 :> 1)
/\ r = (6 :> defaultInitValue)
/\ t = (6 :> 0)
/\ v = (6 :> 0)
/\ x = <<0, 0, 0, 0, 0, 0>>
/\ pc = <<"L5", "L5", "L5", "L5", "L5", "L3">>
/\ nodeVersions = (6 :> {})
/\ db = << {[ver |-> 0, val |-> 0]},
   {[ver |-> 0, val |-> 0]},
   {[ver |-> 0, val |-> 0]},
   {[ver |-> 0, val |-> 0]},
   {[ver |-> 0, val |-> 0]} >>
/\ data = (6 :> 0)
/\ temp = <<0, 0, 0, 0, 0, 0>>
/\ ver = (6 :> {[ver |-> 0, val |-> 0]})
/\ tempQ = << defaultInitValue,
   defaultInitValue,
   defaultInitValue,
   defaultInitValue,
   defaultInitValue,
   defaultInitValue >>
/\ HVAL = 0
/\ CVAL = 0
/\ up = <<TRUE, TRUE, TRUE, TRUE, TRUE>>
/\ x_ = <<0, 0, 0, 0, 0>>
/\ stack = <<<<>>, <<>>, <<>>, <<>>, <<>>, <<>>>>

@!@!@ENDMSG 2217 @!@!@
@!@!@STARTMSG 2217:4 @!@!@
4: <Action line 193, col 13 to line 203, col 33 of module voldemort>
/\ hver = (6 :> 0)
/\ CVER = 0
/\ writeQ = (6 :> {})
/\ Q = (6 :> {2})
/\ cntr = (6 :> 1)
/\ FailNum = 2
/\ i = (6 :> 0)
/\ q = (6 :> 1)
/\ r = (6 :> [ver |-> 0, val |-> 0])
/\ t = (6 :> 0)
/\ v = (6 :> 0)
/\ x = <<0, 0, 0, 0, 0, 0>>
/\ pc = <<"L5", "L5", "L5", "L5", "L5", "L3">>
/\ nodeVersions = (6 :> {0})
/\ db = << {[ver |-> 0, val |-> 0]},
   {[ver |-> 0, val |-> 0]},
   {[ver |-> 0, val |-> 0]},
   {[ver |-> 0, val |-> 0]},
   {[ver |-> 0, val |-> 0]} >>
/\ data = (6 :> 0)
/\ temp = <<0, 0, 0, 0, 0, 0>>
/\ ver = (6 :> {})
/\ tempQ = << defaultInitValue,
   defaultInitValue,
   defaultInitValue,
   defaultInitValue,
   defaultInitValue,
   defaultInitValue >>
/\ HVAL = 0
/\ CVAL = 0
/\ up = <<TRUE, TRUE, TRUE, TRUE, TRUE>>
/\ x_ = <<0, 0, 0, 0, 0>>
/\ stack = <<<<>>, <<>>, <<>>, <<>>, <<>>, <<>>>>

@!@!@ENDMSG 2217 @!@!@
@!@!@STARTMSG 2217:4 @!@!@
5: <Action line 193, col 13 to line 203, col 33 of module voldemort>
/\ hver = (6 :> 0)
/\ CVER = 0
/\ writeQ = (6 :> {})
/\ Q = (6 :> {2})
/\ cntr = (6 :> 1)
/\ FailNum = 2
/\ i = (6 :> 0)
/\ q = (6 :> 1)
/\ r = (6 :> [ver |-> 0, val |-> 0])
/\ t = (6 :> 0)
/\ v = (6 :> 0)
/\ x = <<0, 0, 0, 0, 0, 0>>
/\ pc = <<"L5", "L5", "L5", "L5", "L5", "L2">>
/\ nodeVersions = (6 :> {0})
/\ db = << {[ver |-> 0, val |-> 0]},
   {[ver |-> 0, val |-> 0]},
   {[ver |-> 0, val |-> 0]},
   {[ver |-> 0, val |-> 0]},
   {[ver |-> 0, val |-> 0]} >>
/\ data = (6 :> 0)
/\ temp = <<0, 0, 0, 0, 0, 0>>
/\ ver = (6 :> {})
/\ tempQ = << defaultInitValue,
   defaultInitValue,
   defaultInitValue,
   defaultInitValue,
   defaultInitValue,
   defaultInitValue >>
/\ HVAL = 0
/\ CVAL = 0
/\ up = <<TRUE, TRUE, TRUE, TRUE, TRUE>>
/\ x_ = <<0, 0, 0, 0, 0>>
/\ stack = <<<<>>, <<>>, <<>>, <<>>, <<>>, <<>>>>

@!@!@ENDMSG 2217 @!@!@
@!@!@STARTMSG 2217:4 @!@!@
6: <Action line 172, col 13 to line 191, col 73 of module voldemort>
/\ hver = (6 :> 0)
/\ CVER = 0
/\ writeQ = (6 :> {})
/\ Q = (6 :> {})
/\ cntr = (6 :> 1)
/\ FailNum = 2
/\ i = (6 :> 0)
/\ q = (6 :> 2)
/\ r = (6 :> [ver |-> 0, val |-> 0])
/\ t = (6 :> 0)
/\ v = (6 :> 0)
/\ x = <<0, 0, 0, 0, 0, 0>>
/\ pc = <<"L5", "L5", "L5", "L5", "L5", "L3">>
/\ nodeVersions = (6 :> {0})
/\ db = << {[ver |-> 0, val |-> 0]},
   {[ver |-> 0, val |-> 0]},
   {[ver |-> 0, val |-> 0]},
   {[ver |-> 0, val |-> 0]},
   {[ver |-> 0, val |-> 0]} >>
/\ data = (6 :> 0)
/\ temp = <<0, 0, 0, 0, 0, 0>>
/\ ver = (6 :> {[ver |-> 0, val |-> 0]})
/\ tempQ = << defaultInitValue,
   defaultInitValue,
   defaultInitValue,
   defaultInitValue,
   defaultInitValue,
   defaultInitValue >>
/\ HVAL = 0
/\ CVAL = 0
/\ up = <<TRUE, TRUE, TRUE, TRUE, TRUE>>
/\ x_ = <<0, 0, 0, 0, 0>>
/\ stack = <<<<>>, <<>>, <<>>, <<>>, <<>>, <<>>>>

@!@!@ENDMSG 2217 @!@!@
@!@!@STARTMSG 2217:4 @!@!@
7: <Action line 193, col 13 to line 203, col 33 of module voldemort>
/\ hver = (6 :> 0)
/\ CVER = 0
/\ writeQ = (6 :> {})
/\ Q = (6 :> {})
/\ cntr = (6 :> 1)
/\ FailNum = 2
/\ i = (6 :> 0)
/\ q = (6 :> 2)
/\ r = (6 :> [ver |-> 0, val |-> 0])
/\ t = (6 :> 0)
/\ v = (6 :> 0)
/\ x = <<0, 0, 0, 0, 0, 0>>
/\ pc = <<"L5", "L5", "L5", "L5", "L5", "L3">>
/\ nodeVersions = (6 :> {0})
/\ db = << {[ver |-> 0, val |-> 0]},
   {[ver |-> 0, val |-> 0]},
   {[ver |-> 0, val |-> 0]},
   {[ver |-> 0, val |-> 0]},
   {[ver |-> 0, val |-> 0]} >>
/\ data = (6 :> 0)
/\ temp = <<0, 0, 0, 0, 0, 0>>
/\ ver = (6 :> {})
/\ tempQ = << defaultInitValue,
   defaultInitValue,
   defaultInitValue,
   defaultInitValue,
   defaultInitValue,
   defaultInitValue >>
/\ HVAL = 0
/\ CVAL = 0
/\ up = <<TRUE, TRUE, TRUE, TRUE, TRUE>>
/\ x_ = <<0, 0, 0, 0, 0>>
/\ stack = <<<<>>, <<>>, <<>>, <<>>, <<>>, <<>>>>

@!@!@ENDMSG 2217 @!@!@
@!@!@STARTMSG 2217:4 @!@!@
8: <Action line 193, col 13 to line 203, col 33 of module voldemort>
/\ hver = (6 :> 0)
/\ CVER = 0
/\ writeQ = (6 :> {})
/\ Q = (6 :> {})
/\ cntr = (6 :> 1)
/\ FailNum = 2
/\ i = (6 :> 0)
/\ q = (6 :> 2)
/\ r = (6 :> [ver |-> 0, val |-> 0])
/\ t = (6 :> 0)
/\ v = (6 :> 0)
/\ x = <<0, 0, 0, 0, 0, 0>>
/\ pc = <<"L5", "L5", "L5", "L5", "L5", "L2">>
/\ nodeVersions = (6 :> {0})
/\ db = << {[ver |-> 0, val |-> 0]},
   {[ver |-> 0, val |-> 0]},
   {[ver |-> 0, val |-> 0]},
   {[ver |-> 0, val |-> 0]},
   {[ver |-> 0, val |-> 0]} >>
/\ data = (6 :> 0)
/\ temp = <<0, 0, 0, 0, 0, 0>>
/\ ver = (6 :> {})
/\ tempQ = << defaultInitValue,
   defaultInitValue,
   defaultInitValue,
   defaultInitValue,
   defaultInitValue,
   defaultInitValue >>
/\ HVAL = 0
/\ CVAL = 0
/\ up = <<TRUE, TRUE, TRUE, TRUE, TRUE>>
/\ x_ = <<0, 0, 0, 0, 0>>
/\ stack = <<<<>>, <<>>, <<>>, <<>>, <<>>, <<>>>>

@!@!@ENDMSG 2217 @!@!@
@!@!@STARTMSG 2217:4 @!@!@
9: <Action line 172, col 13 to line 191, col 73 of module voldemort>
/\ hver = (6 :> 0)
/\ CVER = 0
/\ writeQ = (6 :> {})
/\ Q = (6 :> {})
/\ cntr = (6 :> 1)
/\ FailNum = 2
/\ i = (6 :> 0)
/\ q = (6 :> 2)
/\ r = (6 :> [ver |-> 0, val |-> 0])
/\ t = (6 :> 0)
/\ v = (6 :> 0)
/\ x = <<0, 0, 0, 0, 0, 0>>
/\ pc = <<"L5", "L5", "L5", "L5", "L5", "L1">>
/\ nodeVersions = (6 :> {0})
/\ db = << {[ver |-> 0, val |-> 0]},
   {[ver |-> 0, val |-> 0]},
   {[ver |-> 0, val |-> 0]},
   {[ver |-> 0, val |-> 0]},
   {[ver |-> 0, val |-> 0]} >>
/\ data = (6 :> 0)
/\ temp = <<0, 0, 0, 0, 0, 0>>
/\ ver = (6 :> {})
/\ tempQ = << defaultInitValue,
   defaultInitValue,
   defaultInitValue,
   defaultInitValue,
   defaultInitValue,
   {0} >>
/\ HVAL = 0
/\ CVAL = 0
/\ up = <<TRUE, TRUE, TRUE, TRUE, TRUE>>
/\ x_ = <<0, 0, 0, 0, 0>>
/\ stack = << <<>>,
   <<>>,
   <<>>,
   <<>>,
   <<>>,
   << [ pc |-> "X1",
        tempQ |-> defaultInitValue,
        temp |-> 0,
        x |-> 0,
        procedure |-> "maxVal" ] >> >>

@!@!@ENDMSG 2217 @!@!@
@!@!@STARTMSG 2217:4 @!@!@
10: <Action line 140, col 13 to line 157, col 78 of module voldemort>
/\ hver = (6 :> 0)
/\ CVER = 0
/\ writeQ = (6 :> {})
/\ Q = (6 :> {})
/\ cntr = (6 :> 1)
/\ FailNum = 2
/\ i = (6 :> 0)
/\ q = (6 :> 2)
/\ r = (6 :> [ver |-> 0, val |-> 0])
/\ t = (6 :> 0)
/\ v = (6 :> 0)
/\ x = <<0, 0, 0, 0, 0, 0>>
/\ pc = <<"L5", "L5", "L5", "L5", "L5", "L1">>
/\ nodeVersions = (6 :> {0})
/\ db = << {[ver |-> 0, val |-> 0]},
   {[ver |-> 0, val |-> 0]},
   {[ver |-> 0, val |-> 0]},
   {[ver |-> 0, val |-> 0]},
   {[ver |-> 0, val |-> 0]} >>
/\ data = (6 :> 0)
/\ temp = <<0, 0, 0, 0, 0, 0>>
/\ ver = (6 :> {})
/\ tempQ = << defaultInitValue,
   defaultInitValue,
   defaultInitValue,
   defaultInitValue,
   defaultInitValue,
   {} >>
/\ HVAL = 0
/\ CVAL = 0
/\ up = <<TRUE, TRUE, TRUE, TRUE, TRUE>>
/\ x_ = <<0, 0, 0, 0, 0>>
/\ stack = << <<>>,
   <<>>,
   <<>>,
   <<>>,
   <<>>,
   << [ pc |-> "X1",
        tempQ |-> defaultInitValue,
        temp |-> 0,
        x |-> 0,
        procedure |-> "maxVal" ] >> >>

@!@!@ENDMSG 2217 @!@!@
@!@!@STARTMSG 2217:4 @!@!@
11: <Action line 140, col 13 to line 157, col 78 of module voldemort>
/\ hver = (6 :> 0)
/\ CVER = 0
/\ writeQ = (6 :> {})
/\ Q = (6 :> {})
/\ cntr = (6 :> 1)
/\ FailNum = 2
/\ i = (6 :> 0)
/\ q = (6 :> 2)
/\ r = (6 :> [ver |-> 0, val |-> 0])
/\ t = (6 :> 0)
/\ v = (6 :> 0)
/\ x = <<0, 0, 0, 0, 0, 0>>
/\ pc = <<"L5", "L5", "L5", "L5", "L5", "X1">>
/\ nodeVersions = (6 :> {0})
/\ db = << {[ver |-> 0, val |-> 0]},
   {[ver |-> 0, val |-> 0]},
   {[ver |-> 0, val |-> 0]},
   {[ver |-> 0, val |-> 0]},
   {[ver |-> 0, val |-> 0]} >>
/\ data = (6 :> 0)
/\ temp = <<0, 0, 0, 0, 0, 0>>
/\ ver = (6 :> {})
/\ tempQ = << defaultInitValue,
   defaultInitValue,
   defaultInitValue,
   defaultInitValue,
   defaultInitValue,
   defaultInitValue >>
/\ HVAL = 0
/\ CVAL = 0
/\ up = <<TRUE, TRUE, TRUE, TRUE, TRUE>>
/\ x_ = <<0, 0, 0, 0, 0>>
/\ stack = <<<<>>, <<>>, <<>>, <<>>, <<>>, <<>>>>

@!@!@ENDMSG 2217 @!@!@
@!@!@STARTMSG 2217:4 @!@!@
12: <Action line 205, col 13 to line 211, col 39 of module voldemort>
/\ hver = (6 :> 1)
/\ CVER = 0
/\ writeQ = (6 :> {1, 2})
/\ Q = (6 :> {})
/\ cntr = (6 :> 1)
/\ FailNum = 2
/\ i = (6 :> 0)
/\ q = (6 :> 2)
/\ r = (6 :> [ver |-> 0, val |-> 0])
/\ t = (6 :> 0)
/\ v = (6 :> 0)
/\ x = <<0, 0, 0, 0, 0, 0>>
/\ pc = <<"L5", "L5", "L5", "L5", "L5", "L4">>
/\ nodeVersions = (6 :> {0})
/\ db = << {[ver |-> 0, val |-> 0]},
   {[ver |-> 0, val |-> 0]},
   {[ver |-> 0, val |-> 0]},
   {[ver |-> 0, val |-> 0]},
   {[ver |-> 0, val |-> 0]} >>
/\ data = (6 :> 0)
/\ temp = <<0, 0, 0, 0, 0, 0>>
/\ ver = (6 :> {})
/\ tempQ = << defaultInitValue,
   defaultInitValue,
   defaultInitValue,
   defaultInitValue,
   defaultInitValue,
   defaultInitValue >>
/\ HVAL = 0
/\ CVAL = 0
/\ up = <<TRUE, TRUE, TRUE, TRUE, TRUE>>
/\ x_ = <<0, 0, 0, 0, 0>>
/\ stack = <<<<>>, <<>>, <<>>, <<>>, <<>>, <<>>>>

@!@!@ENDMSG 2217 @!@!@
@!@!@STARTMSG 2217:4 @!@!@
13: <Action line 213, col 13 to line 225, col 73 of module voldemort>
/\ hver = (6 :> 1)
/\ CVER = 1
/\ writeQ = (6 :> {2})
/\ Q = (6 :> {})
/\ cntr = (6 :> 1)
/\ FailNum = 2
/\ i = (6 :> 0)
/\ q = (6 :> 2)
/\ r = (6 :> [ver |-> 0, val |-> 0])
/\ t = (6 :> 0)
/\ v = (6 :> 1)
/\ x = <<0, 0, 0, 0, 0, 0>>
/\ pc = <<"L5", "L5", "L5", "L5", "L5", "L4">>
/\ nodeVersions = (6 :> {0})
/\ db = << {[ver |-> 0, val |-> 0], [ver |-> 1, val |-> 1]},
   {[ver |-> 0, val |-> 0]},
   {[ver |-> 0, val |-> 0]},
   {[ver |-> 0, val |-> 0]},
   {[ver |-> 0, val |-> 0]} >>
/\ data = (6 :> [ver |-> 1, val |-> 1])
/\ temp = <<0, 0, 0, 0, 0, 0>>
/\ ver = (6 :> {})
/\ tempQ = << defaultInitValue,
   defaultInitValue,
   defaultInitValue,
   defaultInitValue,
   defaultInitValue,
   defaultInitValue >>
/\ HVAL = 0
/\ CVAL = 1
/\ up = <<TRUE, TRUE, TRUE, TRUE, TRUE>>
/\ x_ = <<0, 0, 0, 0, 0>>
/\ stack = <<<<>>, <<>>, <<>>, <<>>, <<>>, <<>>>>

@!@!@ENDMSG 2217 @!@!@
@!@!@STARTMSG 2217:4 @!@!@
14: <Action line 213, col 13 to line 225, col 73 of module voldemort>
/\ hver = (6 :> 1)
/\ CVER = 1
/\ writeQ = (6 :> {})
/\ Q = (6 :> {})
/\ cntr = (6 :> 1)
/\ FailNum = 2
/\ i = (6 :> 0)
/\ q = (6 :> 2)
/\ r = (6 :> [ver |-> 0, val |-> 0])
/\ t = (6 :> 0)
/\ v = (6 :> 2)
/\ x = <<0, 0, 0, 0, 0, 0>>
/\ pc = <<"L5", "L5", "L5", "L5", "L5", "L4">>
/\ nodeVersions = (6 :> {0})
/\ db = << {[ver |-> 0, val |-> 0], [ver |-> 1, val |-> 1]},
   {[ver |-> 0, val |-> 0], [ver |-> 1, val |-> 1]},
   {[ver |-> 0, val |-> 0]},
   {[ver |-> 0, val |-> 0]},
   {[ver |-> 0, val |-> 0]} >>
/\ data = (6 :> [ver |-> 1, val |-> 1])
/\ temp = <<0, 0, 0, 0, 0, 0>>
/\ ver = (6 :> {})
/\ tempQ = << defaultInitValue,
   defaultInitValue,
   defaultInitValue,
   defaultInitValue,
   defaultInitValue,
   defaultInitValue >>
/\ HVAL = 0
/\ CVAL = 1
/\ up = <<TRUE, TRUE, TRUE, TRUE, TRUE>>
/\ x_ = <<0, 0, 0, 0, 0>>
/\ stack = <<<<>>, <<>>, <<>>, <<>>, <<>>, <<>>>>

@!@!@ENDMSG 2217 @!@!@
@!@!@STARTMSG 2217:4 @!@!@
15: <Action line 213, col 13 to line 225, col 73 of module voldemort>
/\ hver = (6 :> 1)
/\ CVER = 1
/\ writeQ = (6 :> {})
/\ Q = (6 :> {})
/\ cntr = (6 :> 1)
/\ FailNum = 2
/\ i = (6 :> 0)
/\ q = (6 :> 2)
/\ r = (6 :> [ver |-> 0, val |-> 0])
/\ t = (6 :> 0)
/\ v = (6 :> 2)
/\ x = <<0, 0, 0, 0, 0, 0>>
/\ pc = <<"L5", "L5", "L5", "L5", "L5", "CL">>
/\ nodeVersions = (6 :> {0})
/\ db = << {[ver |-> 0, val |-> 0], [ver |-> 1, val |-> 1]},
   {[ver |-> 0, val |-> 0], [ver |-> 1, val |-> 1]},
   {[ver |-> 0, val |-> 0]},
   {[ver |-> 0, val |-> 0]},
   {[ver |-> 0, val |-> 0]} >>
/\ data = (6 :> [ver |-> 1, val |-> 1])
/\ temp = <<0, 0, 0, 0, 0, 0>>
/\ ver = (6 :> {})
/\ tempQ = << defaultInitValue,
   defaultInitValue,
   defaultInitValue,
   defaultInitValue,
   defaultInitValue,
   defaultInitValue >>
/\ HVAL = 0
/\ CVAL = 1
/\ up = <<TRUE, TRUE, TRUE, TRUE, TRUE>>
/\ x_ = <<0, 0, 0, 0, 0>>
/\ stack = <<<<>>, <<>>, <<>>, <<>>, <<>>, <<>>>>

@!@!@ENDMSG 2217 @!@!@
@!@!@STARTMSG 2217:4 @!@!@
16: <Action line 229, col 13 to line 241, col 39 of module voldemort>
/\ hver = (6 :> 1)
/\ CVER = 1
/\ writeQ = (6 :> {})
/\ Q = (6 :> {})
/\ cntr = (6 :> 1)
/\ FailNum = 1
/\ i = (6 :> 0)
/\ q = (6 :> 2)
/\ r = (6 :> [ver |-> 0, val |-> 0])
/\ t = (6 :> 0)
/\ v = (6 :> 2)
/\ x = <<0, 0, 0, 0, 0, 0>>
/\ pc = <<"L5", "L5", "L5", "L5", "L5", "CL">>
/\ nodeVersions = (6 :> {0})
/\ db = << {[ver |-> 0, val |-> 0], [ver |-> 1, val |-> 1]},
   {[ver |-> 0, val |-> 0], [ver |-> 1, val |-> 1]},
   {[ver |-> 0, val |-> 0]},
   {[ver |-> 0, val |-> 0]},
   {[ver |-> 0, val |-> 0]} >>
/\ data = (6 :> [ver |-> 1, val |-> 1])
/\ temp = <<0, 0, 0, 0, 0, 0>>
/\ ver = (6 :> {})
/\ tempQ = << defaultInitValue,
   defaultInitValue,
   defaultInitValue,
   defaultInitValue,
   defaultInitValue,
   defaultInitValue >>
/\ HVAL = 0
/\ CVAL = 1
/\ up = <<FALSE, TRUE, TRUE, TRUE, TRUE>>
/\ x_ = <<0, 0, 0, 0, 0>>
/\ stack = <<<<>>, <<>>, <<>>, <<>>, <<>>, <<>>>>

@!@!@ENDMSG 2217 @!@!@
@!@!@STARTMSG 2217:4 @!@!@
17: <Action line 229, col 13 to line 241, col 39 of module voldemort>
/\ hver = (6 :> 1)
/\ CVER = 1
/\ writeQ = (6 :> {})
/\ Q = (6 :> {})
/\ cntr = (6 :> 1)
/\ FailNum = 0
/\ i = (6 :> 0)
/\ q = (6 :> 2)
/\ r = (6 :> [ver |-> 0, val |-> 0])
/\ t = (6 :> 0)
/\ v = (6 :> 2)
/\ x = <<0, 0, 0, 0, 0, 0>>
/\ pc = <<"L5", "L5", "L5", "L5", "L5", "CL">>
/\ nodeVersions = (6 :> {0})
/\ db = << {[ver |-> 0, val |-> 0], [ver |-> 1, val |-> 1]},
   {[ver |-> 0, val |-> 0], [ver |-> 1, val |-> 1]},
   {[ver |-> 0, val |-> 0]},
   {[ver |-> 0, val |-> 0]},
   {[ver |-> 0, val |-> 0]} >>
/\ data = (6 :> [ver |-> 1, val |-> 1])
/\ temp = <<0, 0, 0, 0, 0, 0>>
/\ ver = (6 :> {})
/\ tempQ = << defaultInitValue,
   defaultInitValue,
   defaultInitValue,
   defaultInitValue,
   defaultInitValue,
   defaultInitValue >>
/\ HVAL = 0
/\ CVAL = 1
/\ up = <<FALSE, FALSE, TRUE, TRUE, TRUE>>
/\ x_ = <<0, 0, 0, 0, 0>>
/\ stack = <<<<>>, <<>>, <<>>, <<>>, <<>>, <<>>>>

@!@!@ENDMSG 2217 @!@!@
@!@!@STARTMSG 2217:4 @!@!@
18: <Action line 161, col 13 to line 170, col 44 of module voldemort>
/\ hver = (6 :> 1)
/\ CVER = 1
/\ writeQ = (6 :> {})
/\ Q = (6 :> {3, 4})
/\ cntr = (6 :> 2)
/\ FailNum = 0
/\ i = (6 :> 0)
/\ q = (6 :> 2)
/\ r = (6 :> [ver |-> 0, val |-> 0])
/\ t = (6 :> 0)
/\ v = (6 :> 2)
/\ x = <<0, 0, 0, 0, 0, 0>>
/\ pc = <<"L5", "L5", "L5", "L5", "L5", "L2">>
/\ nodeVersions = (6 :> {0})
/\ db = << {[ver |-> 0, val |-> 0], [ver |-> 1, val |-> 1]},
   {[ver |-> 0, val |-> 0], [ver |-> 1, val |-> 1]},
   {[ver |-> 0, val |-> 0]},
   {[ver |-> 0, val |-> 0]},
   {[ver |-> 0, val |-> 0]} >>
/\ data = (6 :> [ver |-> 1, val |-> 1])
/\ temp = <<0, 0, 0, 0, 0, 0>>
/\ ver = (6 :> {})
/\ tempQ = << defaultInitValue,
   defaultInitValue,
   defaultInitValue,
   defaultInitValue,
   defaultInitValue,
   defaultInitValue >>
/\ HVAL = 0
/\ CVAL = 1
/\ up = <<FALSE, FALSE, TRUE, TRUE, TRUE>>
/\ x_ = <<0, 0, 0, 0, 0>>
/\ stack = <<<<>>, <<>>, <<>>, <<>>, <<>>, <<>>>>

@!@!@ENDMSG 2217 @!@!@
@!@!@STARTMSG 2217:4 @!@!@
19: <Action line 172, col 13 to line 191, col 73 of module voldemort>
/\ hver = (6 :> 1)
/\ CVER = 1
/\ writeQ = (6 :> {})
/\ Q = (6 :> {4})
/\ cntr = (6 :> 2)
/\ FailNum = 0
/\ i = (6 :> 0)
/\ q = (6 :> 3)
/\ r = (6 :> [ver |-> 0, val |-> 0])
/\ t = (6 :> 0)
/\ v = (6 :> 2)
/\ x = <<0, 0, 0, 0, 0, 0>>
/\ pc = <<"L5", "L5", "L5", "L5", "L5", "L3">>
/\ nodeVersions = (6 :> {0})
/\ db = << {[ver |-> 0, val |-> 0], [ver |-> 1, val |-> 1]},
   {[ver |-> 0, val |-> 0], [ver |-> 1, val |-> 1]},
   {[ver |-> 0, val |-> 0]},
   {[ver |-> 0, val |-> 0]},
   {[ver |-> 0, val |-> 0]} >>
/\ data = (6 :> [ver |-> 1, val |-> 1])
/\ temp = <<0, 0, 0, 0, 0, 0>>
/\ ver = (6 :> {[ver |-> 0, val |-> 0]})
/\ tempQ = << defaultInitValue,
   defaultInitValue,
   defaultInitValue,
   defaultInitValue,
   defaultInitValue,
   defaultInitValue >>
/\ HVAL = 0
/\ CVAL = 1
/\ up = <<FALSE, FALSE, TRUE, TRUE, TRUE>>
/\ x_ = <<0, 0, 0, 0, 0>>
/\ stack = <<<<>>, <<>>, <<>>, <<>>, <<>>, <<>>>>

@!@!@ENDMSG 2217 @!@!@
@!@!@STARTMSG 2217:4 @!@!@
20: <Action line 193, col 13 to line 203, col 33 of module voldemort>
/\ hver = (6 :> 1)
/\ CVER = 1
/\ writeQ = (6 :> {})
/\ Q = (6 :> {4})
/\ cntr = (6 :> 2)
/\ FailNum = 0
/\ i = (6 :> 0)
/\ q = (6 :> 3)
/\ r = (6 :> [ver |-> 0, val |-> 0])
/\ t = (6 :> 0)
/\ v = (6 :> 2)
/\ x = <<0, 0, 0, 0, 0, 0>>
/\ pc = <<"L5", "L5", "L5", "L5", "L5", "L3">>
/\ nodeVersions = (6 :> {0})
/\ db = << {[ver |-> 0, val |-> 0], [ver |-> 1, val |-> 1]},
   {[ver |-> 0, val |-> 0], [ver |-> 1, val |-> 1]},
   {[ver |-> 0, val |-> 0]},
   {[ver |-> 0, val |-> 0]},
   {[ver |-> 0, val |-> 0]} >>
/\ data = (6 :> [ver |-> 1, val |-> 1])
/\ temp = <<0, 0, 0, 0, 0, 0>>
/\ ver = (6 :> {})
/\ tempQ = << defaultInitValue,
   defaultInitValue,
   defaultInitValue,
   defaultInitValue,
   defaultInitValue,
   defaultInitValue >>
/\ HVAL = 0
/\ CVAL = 1
/\ up = <<FALSE, FALSE, TRUE, TRUE, TRUE>>
/\ x_ = <<0, 0, 0, 0, 0>>
/\ stack = <<<<>>, <<>>, <<>>, <<>>, <<>>, <<>>>>

@!@!@ENDMSG 2217 @!@!@
@!@!@STARTMSG 2217:4 @!@!@
21: <Action line 193, col 13 to line 203, col 33 of module voldemort>
/\ hver = (6 :> 1)
/\ CVER = 1
/\ writeQ = (6 :> {})
/\ Q = (6 :> {4})
/\ cntr = (6 :> 2)
/\ FailNum = 0
/\ i = (6 :> 0)
/\ q = (6 :> 3)
/\ r = (6 :> [ver |-> 0, val |-> 0])
/\ t = (6 :> 0)
/\ v = (6 :> 2)
/\ x = <<0, 0, 0, 0, 0, 0>>
/\ pc = <<"L5", "L5", "L5", "L5", "L5", "L2">>
/\ nodeVersions = (6 :> {0})
/\ db = << {[ver |-> 0, val |-> 0], [ver |-> 1, val |-> 1]},
   {[ver |-> 0, val |-> 0], [ver |-> 1, val |-> 1]},
   {[ver |-> 0, val |-> 0]},
   {[ver |-> 0, val |-> 0]},
   {[ver |-> 0, val |-> 0]} >>
/\ data = (6 :> [ver |-> 1, val |-> 1])
/\ temp = <<0, 0, 0, 0, 0, 0>>
/\ ver = (6 :> {})
/\ tempQ = << defaultInitValue,
   defaultInitValue,
   defaultInitValue,
   defaultInitValue,
   defaultInitValue,
   defaultInitValue >>
/\ HVAL = 0
/\ CVAL = 1
/\ up = <<FALSE, FALSE, TRUE, TRUE, TRUE>>
/\ x_ = <<0, 0, 0, 0, 0>>
/\ stack = <<<<>>, <<>>, <<>>, <<>>, <<>>, <<>>>>

@!@!@ENDMSG 2217 @!@!@
@!@!@STARTMSG 2217:4 @!@!@
22: <Action line 172, col 13 to line 191, col 73 of module voldemort>
/\ hver = (6 :> 1)
/\ CVER = 1
/\ writeQ = (6 :> {})
/\ Q = (6 :> {})
/\ cntr = (6 :> 2)
/\ FailNum = 0
/\ i = (6 :> 0)
/\ q = (6 :> 4)
/\ r = (6 :> [ver |-> 0, val |-> 0])
/\ t = (6 :> 0)
/\ v = (6 :> 2)
/\ x = <<0, 0, 0, 0, 0, 0>>
/\ pc = <<"L5", "L5", "L5", "L5", "L5", "L3">>
/\ nodeVersions = (6 :> {0})
/\ db = << {[ver |-> 0, val |-> 0], [ver |-> 1, val |-> 1]},
   {[ver |-> 0, val |-> 0], [ver |-> 1, val |-> 1]},
   {[ver |-> 0, val |-> 0]},
   {[ver |-> 0, val |-> 0]},
   {[ver |-> 0, val |-> 0]} >>
/\ data = (6 :> [ver |-> 1, val |-> 1])
/\ temp = <<0, 0, 0, 0, 0, 0>>
/\ ver = (6 :> {[ver |-> 0, val |-> 0]})
/\ tempQ = << defaultInitValue,
   defaultInitValue,
   defaultInitValue,
   defaultInitValue,
   defaultInitValue,
   defaultInitValue >>
/\ HVAL = 0
/\ CVAL = 1
/\ up = <<FALSE, FALSE, TRUE, TRUE, TRUE>>
/\ x_ = <<0, 0, 0, 0, 0>>
/\ stack = <<<<>>, <<>>, <<>>, <<>>, <<>>, <<>>>>

@!@!@ENDMSG 2217 @!@!@
@!@!@STARTMSG 2217:4 @!@!@
23: <Action line 193, col 13 to line 203, col 33 of module voldemort>
/\ hver = (6 :> 1)
/\ CVER = 1
/\ writeQ = (6 :> {})
/\ Q = (6 :> {})
/\ cntr = (6 :> 2)
/\ FailNum = 0
/\ i = (6 :> 0)
/\ q = (6 :> 4)
/\ r = (6 :> [ver |-> 0, val |-> 0])
/\ t = (6 :> 0)
/\ v = (6 :> 2)
/\ x = <<0, 0, 0, 0, 0, 0>>
/\ pc = <<"L5", "L5", "L5", "L5", "L5", "L3">>
/\ nodeVersions = (6 :> {0})
/\ db = << {[ver |-> 0, val |-> 0], [ver |-> 1, val |-> 1]},
   {[ver |-> 0, val |-> 0], [ver |-> 1, val |-> 1]},
   {[ver |-> 0, val |-> 0]},
   {[ver |-> 0, val |-> 0]},
   {[ver |-> 0, val |-> 0]} >>
/\ data = (6 :> [ver |-> 1, val |-> 1])
/\ temp = <<0, 0, 0, 0, 0, 0>>
/\ ver = (6 :> {})
/\ tempQ = << defaultInitValue,
   defaultInitValue,
   defaultInitValue,
   defaultInitValue,
   defaultInitValue,
   defaultInitValue >>
/\ HVAL = 0
/\ CVAL = 1
/\ up = <<FALSE, FALSE, TRUE, TRUE, TRUE>>
/\ x_ = <<0, 0, 0, 0, 0>>
/\ stack = <<<<>>, <<>>, <<>>, <<>>, <<>>, <<>>>>

@!@!@ENDMSG 2217 @!@!@
@!@!@STARTMSG 2217:4 @!@!@
24: <Action line 193, col 13 to line 203, col 33 of module voldemort>
/\ hver = (6 :> 1)
/\ CVER = 1
/\ writeQ = (6 :> {})
/\ Q = (6 :> {})
/\ cntr = (6 :> 2)
/\ FailNum = 0
/\ i = (6 :> 0)
/\ q = (6 :> 4)
/\ r = (6 :> [ver |-> 0, val |-> 0])
/\ t = (6 :> 0)
/\ v = (6 :> 2)
/\ x = <<0, 0, 0, 0, 0, 0>>
/\ pc = <<"L5", "L5", "L5", "L5", "L5", "L2">>
/\ nodeVersions = (6 :> {0})
/\ db = << {[ver |-> 0, val |-> 0], [ver |-> 1, val |-> 1]},
   {[ver |-> 0, val |-> 0], [ver |-> 1, val |-> 1]},
   {[ver |-> 0, val |-> 0]},
   {[ver |-> 0, val |-> 0]},
   {[ver |-> 0, val |-> 0]} >>
/\ data = (6 :> [ver |-> 1, val |-> 1])
/\ temp = <<0, 0, 0, 0, 0, 0>>
/\ ver = (6 :> {})
/\ tempQ = << defaultInitValue,
   defaultInitValue,
   defaultInitValue,
   defaultInitValue,
   defaultInitValue,
   defaultInitValue >>
/\ HVAL = 0
/\ CVAL = 1
/\ up = <<FALSE, FALSE, TRUE, TRUE, TRUE>>
/\ x_ = <<0, 0, 0, 0, 0>>
/\ stack = <<<<>>, <<>>, <<>>, <<>>, <<>>, <<>>>>

@!@!@ENDMSG 2217 @!@!@
@!@!@STARTMSG 2217:4 @!@!@
25: <Action line 172, col 13 to line 191, col 73 of module voldemort>
/\ hver = (6 :> 1)
/\ CVER = 1
/\ writeQ = (6 :> {})
/\ Q = (6 :> {})
/\ cntr = (6 :> 2)
/\ FailNum = 0
/\ i = (6 :> 0)
/\ q = (6 :> 4)
/\ r = (6 :> [ver |-> 0, val |-> 0])
/\ t = (6 :> 0)
/\ v = (6 :> 2)
/\ x = <<0, 0, 0, 0, 0, 0>>
/\ pc = <<"L5", "L5", "L5", "L5", "L5", "L1">>
/\ nodeVersions = (6 :> {0})
/\ db = << {[ver |-> 0, val |-> 0], [ver |-> 1, val |-> 1]},
   {[ver |-> 0, val |-> 0], [ver |-> 1, val |-> 1]},
   {[ver |-> 0, val |-> 0]},
   {[ver |-> 0, val |-> 0]},
   {[ver |-> 0, val |-> 0]} >>
/\ data = (6 :> [ver |-> 1, val |-> 1])
/\ temp = <<0, 0, 0, 0, 0, 0>>
/\ ver = (6 :> {})
/\ tempQ = << defaultInitValue,
   defaultInitValue,
   defaultInitValue,
   defaultInitValue,
   defaultInitValue,
   {0} >>
/\ HVAL = 0
/\ CVAL = 1
/\ up = <<FALSE, FALSE, TRUE, TRUE, TRUE>>
/\ x_ = <<0, 0, 0, 0, 0>>
/\ stack = << <<>>,
   <<>>,
   <<>>,
   <<>>,
   <<>>,
   << [ pc |-> "X1",
        tempQ |-> defaultInitValue,
        temp |-> 0,
        x |-> 0,
        procedure |-> "maxVal" ] >> >>

@!@!@ENDMSG 2217 @!@!@
@!@!@STARTMSG 2217:4 @!@!@
26: <Action line 140, col 13 to line 157, col 78 of module voldemort>
/\ hver = (6 :> 1)
/\ CVER = 1
/\ writeQ = (6 :> {})
/\ Q = (6 :> {})
/\ cntr = (6 :> 2)
/\ FailNum = 0
/\ i = (6 :> 0)
/\ q = (6 :> 4)
/\ r = (6 :> [ver |-> 0, val |-> 0])
/\ t = (6 :> 0)
/\ v = (6 :> 2)
/\ x = <<0, 0, 0, 0, 0, 0>>
/\ pc = <<"L5", "L5", "L5", "L5", "L5", "L1">>
/\ nodeVersions = (6 :> {0})
/\ db = << {[ver |-> 0, val |-> 0], [ver |-> 1, val |-> 1]},
   {[ver |-> 0, val |-> 0], [ver |-> 1, val |-> 1]},
   {[ver |-> 0, val |-> 0]},
   {[ver |-> 0, val |-> 0]},
   {[ver |-> 0, val |-> 0]} >>
/\ data = (6 :> [ver |-> 1, val |-> 1])
/\ temp = <<0, 0, 0, 0, 0, 0>>
/\ ver = (6 :> {})
/\ tempQ = << defaultInitValue,
   defaultInitValue,
   defaultInitValue,
   defaultInitValue,
   defaultInitValue,
   {} >>
/\ HVAL = 0
/\ CVAL = 1
/\ up = <<FALSE, FALSE, TRUE, TRUE, TRUE>>
/\ x_ = <<0, 0, 0, 0, 0>>
/\ stack = << <<>>,
   <<>>,
   <<>>,
   <<>>,
   <<>>,
   << [ pc |-> "X1",
        tempQ |-> defaultInitValue,
        temp |-> 0,
        x |-> 0,
        procedure |-> "maxVal" ] >> >>

@!@!@ENDMSG 2217 @!@!@
@!@!@STARTMSG 2217:4 @!@!@
27: <Action line 140, col 13 to line 157, col 78 of module voldemort>
/\ hver = (6 :> 1)
/\ CVER = 1
/\ writeQ = (6 :> {})
/\ Q = (6 :> {})
/\ cntr = (6 :> 2)
/\ FailNum = 0
/\ i = (6 :> 0)
/\ q = (6 :> 4)
/\ r = (6 :> [ver |-> 0, val |-> 0])
/\ t = (6 :> 0)
/\ v = (6 :> 2)
/\ x = <<0, 0, 0, 0, 0, 0>>
/\ pc = <<"L5", "L5", "L5", "L5", "L5", "X1">>
/\ nodeVersions = (6 :> {0})
/\ db = << {[ver |-> 0, val |-> 0], [ver |-> 1, val |-> 1]},
   {[ver |-> 0, val |-> 0], [ver |-> 1, val |-> 1]},
   {[ver |-> 0, val |-> 0]},
   {[ver |-> 0, val |-> 0]},
   {[ver |-> 0, val |-> 0]} >>
/\ data = (6 :> [ver |-> 1, val |-> 1])
/\ temp = <<0, 0, 0, 0, 0, 0>>
/\ ver = (6 :> {})
/\ tempQ = << defaultInitValue,
   defaultInitValue,
   defaultInitValue,
   defaultInitValue,
   defaultInitValue,
   defaultInitValue >>
/\ HVAL = 0
/\ CVAL = 1
/\ up = <<FALSE, FALSE, TRUE, TRUE, TRUE>>
/\ x_ = <<0, 0, 0, 0, 0>>
/\ stack = <<<<>>, <<>>, <<>>, <<>>, <<>>, <<>>>>

@!@!@ENDMSG 2217 @!@!@
@!@!@STARTMSG 2217:4 @!@!@
28: <Action line 205, col 13 to line 211, col 39 of module voldemort>
/\ hver = (6 :> 1)
/\ CVER = 1
/\ writeQ = (6 :> {3, 4})
/\ Q = (6 :> {})
/\ cntr = (6 :> 2)
/\ FailNum = 0
/\ i = (6 :> 0)
/\ q = (6 :> 4)
/\ r = (6 :> [ver |-> 0, val |-> 0])
/\ t = (6 :> 0)
/\ v = (6 :> 2)
/\ x = <<0, 0, 0, 0, 0, 0>>
/\ pc = <<"L5", "L5", "L5", "L5", "L5", "L4">>
/\ nodeVersions = (6 :> {0})
/\ db = << {[ver |-> 0, val |-> 0], [ver |-> 1, val |-> 1]},
   {[ver |-> 0, val |-> 0], [ver |-> 1, val |-> 1]},
   {[ver |-> 0, val |-> 0]},
   {[ver |-> 0, val |-> 0]},
   {[ver |-> 0, val |-> 0]} >>
/\ data = (6 :> [ver |-> 1, val |-> 1])
/\ temp = <<0, 0, 0, 0, 0, 0>>
/\ ver = (6 :> {})
/\ tempQ = << defaultInitValue,
   defaultInitValue,
   defaultInitValue,
   defaultInitValue,
   defaultInitValue,
   defaultInitValue >>
/\ HVAL = 0
/\ CVAL = 1
/\ up = <<FALSE, FALSE, TRUE, TRUE, TRUE>>
/\ x_ = <<0, 0, 0, 0, 0>>
/\ stack = <<<<>>, <<>>, <<>>, <<>>, <<>>, <<>>>>

@!@!@ENDMSG 2217 @!@!@
@!@!@STARTMSG 2217:4 @!@!@
29: <Action line 213, col 13 to line 225, col 73 of module voldemort>
/\ hver = (6 :> 1)
/\ CVER = 1
/\ writeQ = (6 :> {4})
/\ Q = (6 :> {})
/\ cntr = (6 :> 2)
/\ FailNum = 0
/\ i = (6 :> 0)
/\ q = (6 :> 4)
/\ r = (6 :> [ver |-> 0, val |-> 0])
/\ t = (6 :> 0)
/\ v = (6 :> 3)
/\ x = <<0, 0, 0, 0, 0, 0>>
/\ pc = <<"L5", "L5", "L5", "L5", "L5", "L4">>
/\ nodeVersions = (6 :> {0})
/\ db = << {[ver |-> 0, val |-> 0], [ver |-> 1, val |-> 1]},
   {[ver |-> 0, val |-> 0], [ver |-> 1, val |-> 1]},
   {[ver |-> 0, val |-> 0], [ver |-> 1, val |-> 2]},
   {[ver |-> 0, val |-> 0]},
   {[ver |-> 0, val |-> 0]} >>
/\ data = (6 :> [ver |-> 1, val |-> 2])
/\ temp = <<0, 0, 0, 0, 0, 0>>
/\ ver = (6 :> {})
/\ tempQ = << defaultInitValue,
   defaultInitValue,
   defaultInitValue,
   defaultInitValue,
   defaultInitValue,
   defaultInitValue >>
/\ HVAL = 0
/\ CVAL = 2
/\ up = <<FALSE, FALSE, TRUE, TRUE, TRUE>>
/\ x_ = <<0, 0, 0, 0, 0>>
/\ stack = <<<<>>, <<>>, <<>>, <<>>, <<>>, <<>>>>

@!@!@ENDMSG 2217 @!@!@
@!@!@STARTMSG 2201:0 @!@!@
The coverage statistics at 2016-11-15 20:58:37
@!@!@ENDMSG 2201 @!@!@
@!@!@STARTMSG 2221:0 @!@!@
  line 142, col 27 to line 142, col 82 of module voldemort: 329
@!@!@ENDMSG 2221 @!@!@
@!@!@STARTMSG 2221:0 @!@!@
  line 143, col 27 to line 143, col 84 of module voldemort: 329
@!@!@ENDMSG 2221 @!@!@
@!@!@STARTMSG 2221:0 @!@!@
  line 145, col 38 to line 145, col 77 of module voldemort: 79
@!@!@ENDMSG 2221 @!@!@
@!@!@STARTMSG 2221:0 @!@!@
  line 147, col 38 to line 147, col 49 of module voldemort: 250
@!@!@ENDMSG 2221 @!@!@
@!@!@STARTMSG 2221:0 @!@!@
  line 148, col 27 to line 148, col 58 of module voldemort: 329
@!@!@ENDMSG 2221 @!@!@
@!@!@STARTMSG 2221:0 @!@!@
  line 149, col 40 to line 149, col 43 of module voldemort: 329
@!@!@ENDMSG 2221 @!@!@
@!@!@STARTMSG 2221:0 @!@!@
  line 149, col 46 to line 149, col 50 of module voldemort: 329
@!@!@ENDMSG 2221 @!@!@
@!@!@STARTMSG 2221:0 @!@!@
  line 150, col 27 to line 150, col 44 of module voldemort: 80
@!@!@ENDMSG 2221 @!@!@
@!@!@STARTMSG 2221:0 @!@!@
  line 151, col 27 to line 151, col 74 of module voldemort: 80
@!@!@ENDMSG 2221 @!@!@
@!@!@STARTMSG 2221:0 @!@!@
  line 152, col 27 to line 152, col 80 of module voldemort: 80
@!@!@ENDMSG 2221 @!@!@
@!@!@STARTMSG 2221:0 @!@!@
  line 153, col 27 to line 153, col 71 of module voldemort: 80
@!@!@ENDMSG 2221 @!@!@
@!@!@STARTMSG 2221:0 @!@!@
  line 154, col 27 to line 154, col 83 of module voldemort: 80
@!@!@ENDMSG 2221 @!@!@
@!@!@STARTMSG 2221:0 @!@!@
  line 155, col 27 to line 155, col 77 of module voldemort: 80
@!@!@ENDMSG 2221 @!@!@
@!@!@STARTMSG 2221:0 @!@!@
  line 156, col 29 to line 156, col 35 of module voldemort: 409
@!@!@ENDMSG 2221 @!@!@
@!@!@STARTMSG 2221:0 @!@!@
  line 156, col 38 to line 156, col 41 of module voldemort: 409
@!@!@ENDMSG 2221 @!@!@
@!@!@STARTMSG 2221:0 @!@!@
  line 156, col 44 to line 156, col 47 of module voldemort: 409
@!@!@ENDMSG 2221 @!@!@
@!@!@STARTMSG 2221:0 @!@!@
  line 156, col 50 to line 156, col 51 of module voldemort: 409
@!@!@ENDMSG 2221 @!@!@
@!@!@STARTMSG 2221:0 @!@!@
  line 156, col 54 to line 156, col 55 of module voldemort: 409
@!@!@ENDMSG 2221 @!@!@
@!@!@STARTMSG 2221:0 @!@!@
  line 156, col 58 to line 156, col 61 of module voldemort: 409
@!@!@ENDMSG 2221 @!@!@
@!@!@STARTMSG 2221:0 @!@!@
  line 156, col 64 to line 156, col 67 of module voldemort: 409
@!@!@ENDMSG 2221 @!@!@
@!@!@STARTMSG 2221:0 @!@!@
  line 156, col 70 to line 156, col 70 of module voldemort: 409
@!@!@ENDMSG 2221 @!@!@
@!@!@STARTMSG 2221:0 @!@!@
  line 156, col 73 to line 156, col 73 of module voldemort: 409
@!@!@ENDMSG 2221 @!@!@
@!@!@STARTMSG 2221:0 @!@!@
  line 157, col 29 to line 157, col 40 of module voldemort: 409
@!@!@ENDMSG 2221 @!@!@
@!@!@STARTMSG 2221:0 @!@!@
  line 157, col 43 to line 157, col 48 of module voldemort: 409
@!@!@ENDMSG 2221 @!@!@
@!@!@STARTMSG 2221:0 @!@!@
  line 157, col 51 to line 157, col 54 of module voldemort: 409
@!@!@ENDMSG 2221 @!@!@
@!@!@STARTMSG 2221:0 @!@!@
  line 157, col 57 to line 157, col 57 of module voldemort: 409
@!@!@ENDMSG 2221 @!@!@
@!@!@STARTMSG 2221:0 @!@!@
  line 157, col 60 to line 157, col 60 of module voldemort: 409
@!@!@ENDMSG 2221 @!@!@
@!@!@STARTMSG 2221:0 @!@!@
  line 157, col 63 to line 157, col 65 of module voldemort: 409
@!@!@ENDMSG 2221 @!@!@
@!@!@STARTMSG 2221:0 @!@!@
  line 157, col 68 to line 157, col 68 of module voldemort: 409
@!@!@ENDMSG 2221 @!@!@
@!@!@STARTMSG 2221:0 @!@!@
  line 157, col 71 to line 157, col 71 of module voldemort: 409
@!@!@ENDMSG 2221 @!@!@
@!@!@STARTMSG 2221:0 @!@!@
  line 157, col 74 to line 157, col 75 of module voldemort: 409
@!@!@ENDMSG 2221 @!@!@
@!@!@STARTMSG 2221:0 @!@!@
  line 163, col 27 to line 163, col 70 of module voldemort: 304
@!@!@ENDMSG 2221 @!@!@
@!@!@STARTMSG 2221:0 @!@!@
  line 164, col 27 to line 164, col 63 of module voldemort: 304
@!@!@ENDMSG 2221 @!@!@
@!@!@STARTMSG 2221:0 @!@!@
  line 165, col 27 to line 165, col 58 of module voldemort: 304
@!@!@ENDMSG 2221 @!@!@
@!@!@STARTMSG 2221:0 @!@!@
  line 166, col 27 to line 166, col 60 of module voldemort: 0
@!@!@ENDMSG 2221 @!@!@
@!@!@STARTMSG 2221:0 @!@!@
  line 167, col 40 to line 167, col 43 of module voldemort: 0
@!@!@ENDMSG 2221 @!@!@
@!@!@STARTMSG 2221:0 @!@!@
  line 167, col 46 to line 167, col 46 of module voldemort: 0
@!@!@ENDMSG 2221 @!@!@
@!@!@STARTMSG 2221:0 @!@!@
  line 168, col 29 to line 168, col 35 of module voldemort: 304
@!@!@ENDMSG 2221 @!@!@
@!@!@STARTMSG 2221:0 @!@!@
  line 168, col 38 to line 168, col 41 of module voldemort: 304
@!@!@ENDMSG 2221 @!@!@
@!@!@STARTMSG 2221:0 @!@!@
  line 168, col 44 to line 168, col 47 of module voldemort: 304
@!@!@ENDMSG 2221 @!@!@
@!@!@STARTMSG 2221:0 @!@!@
  line 168, col 50 to line 168, col 53 of module voldemort: 304
@!@!@ENDMSG 2221 @!@!@
@!@!@STARTMSG 2221:0 @!@!@
  line 168, col 56 to line 168, col 57 of module voldemort: 304
@!@!@ENDMSG 2221 @!@!@
@!@!@STARTMSG 2221:0 @!@!@
  line 168, col 60 to line 168, col 61 of module voldemort: 304
@!@!@ENDMSG 2221 @!@!@
@!@!@STARTMSG 2221:0 @!@!@
  line 168, col 64 to line 168, col 68 of module voldemort: 304
@!@!@ENDMSG 2221 @!@!@
@!@!@STARTMSG 2221:0 @!@!@
  line 168, col 71 to line 168, col 75 of module voldemort: 304
@!@!@ENDMSG 2221 @!@!@
@!@!@STARTMSG 2221:0 @!@!@
  line 169, col 29 to line 169, col 32 of module voldemort: 304
@!@!@ENDMSG 2221 @!@!@
@!@!@STARTMSG 2221:0 @!@!@
  line 169, col 35 to line 169, col 35 of module voldemort: 304
@!@!@ENDMSG 2221 @!@!@
@!@!@STARTMSG 2221:0 @!@!@
  line 169, col 38 to line 169, col 41 of module voldemort: 304
@!@!@ENDMSG 2221 @!@!@
@!@!@STARTMSG 2221:0 @!@!@
  line 169, col 44 to line 169, col 44 of module voldemort: 304
@!@!@ENDMSG 2221 @!@!@
@!@!@STARTMSG 2221:0 @!@!@
  line 169, col 47 to line 169, col 58 of module voldemort: 304
@!@!@ENDMSG 2221 @!@!@
@!@!@STARTMSG 2221:0 @!@!@
  line 169, col 61 to line 169, col 66 of module voldemort: 304
@!@!@ENDMSG 2221 @!@!@
@!@!@STARTMSG 2221:0 @!@!@
  line 169, col 69 to line 169, col 72 of module voldemort: 304
@!@!@ENDMSG 2221 @!@!@
@!@!@STARTMSG 2221:0 @!@!@
  line 169, col 75 to line 169, col 75 of module voldemort: 304
@!@!@ENDMSG 2221 @!@!@
@!@!@STARTMSG 2221:0 @!@!@
  line 169, col 78 to line 169, col 78 of module voldemort: 304
@!@!@ENDMSG 2221 @!@!@
@!@!@STARTMSG 2221:0 @!@!@
  line 170, col 29 to line 170, col 31 of module voldemort: 304
@!@!@ENDMSG 2221 @!@!@
@!@!@STARTMSG 2221:0 @!@!@
  line 170, col 34 to line 170, col 34 of module voldemort: 304
@!@!@ENDMSG 2221 @!@!@
@!@!@STARTMSG 2221:0 @!@!@
  line 170, col 37 to line 170, col 37 of module voldemort: 304
@!@!@ENDMSG 2221 @!@!@
@!@!@STARTMSG 2221:0 @!@!@
  line 170, col 40 to line 170, col 41 of module voldemort: 304
@!@!@ENDMSG 2221 @!@!@
@!@!@STARTMSG 2221:0 @!@!@
  line 174, col 27 to line 174, col 78 of module voldemort: 2496
@!@!@ENDMSG 2221 @!@!@
@!@!@STARTMSG 2221:0 @!@!@
  line 175, col 27 to line 175, col 72 of module voldemort: 2496
@!@!@ENDMSG 2221 @!@!@
@!@!@STARTMSG 2221:0 @!@!@
  line 176, col 27 to line 176, col 68 of module voldemort: 2496
@!@!@ENDMSG 2221 @!@!@
@!@!@STARTMSG 2221:0 @!@!@
  line 177, col 27 to line 177, col 58 of module voldemort: 2496
@!@!@ENDMSG 2221 @!@!@
@!@!@STARTMSG 2221:0 @!@!@
  line 178, col 40 to line 178, col 44 of module voldemort: 2496
@!@!@ENDMSG 2221 @!@!@
@!@!@STARTMSG 2221:0 @!@!@
  line 178, col 47 to line 178, col 51 of module voldemort: 2496
@!@!@ENDMSG 2221 @!@!@
@!@!@STARTMSG 2221:0 @!@!@
  line 178, col 54 to line 178, col 57 of module voldemort: 2496
@!@!@ENDMSG 2221 @!@!@
@!@!@STARTMSG 2221:0 @!@!@
  line 178, col 60 to line 178, col 60 of module voldemort: 2496
@!@!@ENDMSG 2221 @!@!@
@!@!@STARTMSG 2221:0 @!@!@
  line 179, col 30 to line 184, col 78 of module voldemort: 336
@!@!@ENDMSG 2221 @!@!@
@!@!@STARTMSG 2221:0 @!@!@
  line 185, col 30 to line 185, col 81 of module voldemort: 336
@!@!@ENDMSG 2221 @!@!@
@!@!@STARTMSG 2221:0 @!@!@
  line 186, col 27 to line 186, col 59 of module voldemort: 336
@!@!@ENDMSG 2221 @!@!@
@!@!@STARTMSG 2221:0 @!@!@
  line 187, col 27 to line 187, col 53 of module voldemort: 336
@!@!@ENDMSG 2221 @!@!@
@!@!@STARTMSG 2221:0 @!@!@
  line 188, col 27 to line 188, col 58 of module voldemort: 336
@!@!@ENDMSG 2221 @!@!@
@!@!@STARTMSG 2221:0 @!@!@
  line 189, col 40 to line 189, col 40 of module voldemort: 336
@!@!@ENDMSG 2221 @!@!@
@!@!@STARTMSG 2221:0 @!@!@
  line 189, col 43 to line 189, col 43 of module voldemort: 336
@!@!@ENDMSG 2221 @!@!@
@!@!@STARTMSG 2221:0 @!@!@
  line 189, col 46 to line 189, col 48 of module voldemort: 336
@!@!@ENDMSG 2221 @!@!@
@!@!@STARTMSG 2221:0 @!@!@
  line 190, col 29 to line 190, col 35 of module voldemort: 2832
@!@!@ENDMSG 2221 @!@!@
@!@!@STARTMSG 2221:0 @!@!@
  line 190, col 38 to line 190, col 41 of module voldemort: 2832
@!@!@ENDMSG 2221 @!@!@
@!@!@STARTMSG 2221:0 @!@!@
  line 190, col 44 to line 190, col 47 of module voldemort: 2832
@!@!@ENDMSG 2221 @!@!@
@!@!@STARTMSG 2221:0 @!@!@
  line 190, col 50 to line 190, col 53 of module voldemort: 2832
@!@!@ENDMSG 2221 @!@!@
@!@!@STARTMSG 2221:0 @!@!@
  line 190, col 56 to line 190, col 57 of module voldemort: 2832
@!@!@ENDMSG 2221 @!@!@
@!@!@STARTMSG 2221:0 @!@!@
  line 190, col 60 to line 190, col 61 of module voldemort: 2832
@!@!@ENDMSG 2221 @!@!@
@!@!@STARTMSG 2221:0 @!@!@
  line 190, col 64 to line 190, col 67 of module voldemort: 2832
@!@!@ENDMSG 2221 @!@!@
@!@!@STARTMSG 2221:0 @!@!@
  line 190, col 70 to line 190, col 73 of module voldemort: 2832
@!@!@ENDMSG 2221 @!@!@
@!@!@STARTMSG 2221:0 @!@!@
  line 191, col 29 to line 191, col 40 of module voldemort: 2832
@!@!@ENDMSG 2221 @!@!@
@!@!@STARTMSG 2221:0 @!@!@
  line 191, col 43 to line 191, col 48 of module voldemort: 2832
@!@!@ENDMSG 2221 @!@!@
@!@!@STARTMSG 2221:0 @!@!@
  line 191, col 51 to line 191, col 54 of module voldemort: 2832
@!@!@ENDMSG 2221 @!@!@
@!@!@STARTMSG 2221:0 @!@!@
  line 191, col 57 to line 191, col 57 of module voldemort: 2832
@!@!@ENDMSG 2221 @!@!@
@!@!@STARTMSG 2221:0 @!@!@
  line 191, col 60 to line 191, col 60 of module voldemort: 2832
@!@!@ENDMSG 2221 @!@!@
@!@!@STARTMSG 2221:0 @!@!@
  line 191, col 63 to line 191, col 63 of module voldemort: 2832
@!@!@ENDMSG 2221 @!@!@
@!@!@STARTMSG 2221:0 @!@!@
  line 191, col 66 to line 191, col 66 of module voldemort: 2832
@!@!@ENDMSG 2221 @!@!@
@!@!@STARTMSG 2221:0 @!@!@
  line 191, col 69 to line 191, col 70 of module voldemort: 2832
@!@!@ENDMSG 2221 @!@!@
@!@!@STARTMSG 2221:0 @!@!@
  line 195, col 27 to line 195, col 80 of module voldemort: 1677
@!@!@ENDMSG 2221 @!@!@
@!@!@STARTMSG 2221:0 @!@!@
  line 196, col 27 to line 196, col 78 of module voldemort: 1677
@!@!@ENDMSG 2221 @!@!@
@!@!@STARTMSG 2221:0 @!@!@
  line 197, col 27 to line 197, col 114 of module voldemort: 1677
@!@!@ENDMSG 2221 @!@!@
@!@!@STARTMSG 2221:0 @!@!@
  line 198, col 27 to line 198, col 58 of module voldemort: 1677
@!@!@ENDMSG 2221 @!@!@
@!@!@STARTMSG 2221:0 @!@!@
  line 199, col 27 to line 199, col 58 of module voldemort: 1067
@!@!@ENDMSG 2221 @!@!@
@!@!@STARTMSG 2221:0 @!@!@
  line 200, col 40 to line 200, col 51 of module voldemort: 1067
@!@!@ENDMSG 2221 @!@!@
@!@!@STARTMSG 2221:0 @!@!@
  line 200, col 54 to line 200, col 56 of module voldemort: 1067
@!@!@ENDMSG 2221 @!@!@
@!@!@STARTMSG 2221:0 @!@!@
  line 200, col 59 to line 200, col 59 of module voldemort: 1067
@!@!@ENDMSG 2221 @!@!@
@!@!@STARTMSG 2221:0 @!@!@
  line 201, col 29 to line 201, col 35 of module voldemort: 2744
@!@!@ENDMSG 2221 @!@!@
@!@!@STARTMSG 2221:0 @!@!@
  line 201, col 38 to line 201, col 41 of module voldemort: 2744
@!@!@ENDMSG 2221 @!@!@
@!@!@STARTMSG 2221:0 @!@!@
  line 201, col 44 to line 201, col 47 of module voldemort: 2744
@!@!@ENDMSG 2221 @!@!@
@!@!@STARTMSG 2221:0 @!@!@
  line 201, col 50 to line 201, col 53 of module voldemort: 2744
@!@!@ENDMSG 2221 @!@!@
@!@!@STARTMSG 2221:0 @!@!@
  line 201, col 56 to line 201, col 57 of module voldemort: 2744
@!@!@ENDMSG 2221 @!@!@
@!@!@STARTMSG 2221:0 @!@!@
  line 201, col 60 to line 201, col 61 of module voldemort: 2744
@!@!@ENDMSG 2221 @!@!@
@!@!@STARTMSG 2221:0 @!@!@
  line 201, col 64 to line 201, col 68 of module voldemort: 2744
@!@!@ENDMSG 2221 @!@!@
@!@!@STARTMSG 2221:0 @!@!@
  line 201, col 71 to line 201, col 75 of module voldemort: 2744
@!@!@ENDMSG 2221 @!@!@
@!@!@STARTMSG 2221:0 @!@!@
  line 202, col 29 to line 202, col 32 of module voldemort: 2744
@!@!@ENDMSG 2221 @!@!@
@!@!@STARTMSG 2221:0 @!@!@
  line 202, col 35 to line 202, col 35 of module voldemort: 2744
@!@!@ENDMSG 2221 @!@!@
@!@!@STARTMSG 2221:0 @!@!@
  line 202, col 38 to line 202, col 41 of module voldemort: 2744
@!@!@ENDMSG 2221 @!@!@
@!@!@STARTMSG 2221:0 @!@!@
  line 202, col 44 to line 202, col 47 of module voldemort: 2744
@!@!@ENDMSG 2221 @!@!@
@!@!@STARTMSG 2221:0 @!@!@
  line 202, col 50 to line 202, col 50 of module voldemort: 2744
@!@!@ENDMSG 2221 @!@!@
@!@!@STARTMSG 2221:0 @!@!@
  line 202, col 53 to line 202, col 53 of module voldemort: 2744
@!@!@ENDMSG 2221 @!@!@
@!@!@STARTMSG 2221:0 @!@!@
  line 202, col 56 to line 202, col 61 of module voldemort: 2744
@!@!@ENDMSG 2221 @!@!@
@!@!@STARTMSG 2221:0 @!@!@
  line 202, col 64 to line 202, col 67 of module voldemort: 2744
@!@!@ENDMSG 2221 @!@!@
@!@!@STARTMSG 2221:0 @!@!@
  line 202, col 70 to line 202, col 70 of module voldemort: 2744
@!@!@ENDMSG 2221 @!@!@
@!@!@STARTMSG 2221:0 @!@!@
  line 202, col 73 to line 202, col 73 of module voldemort: 2744
@!@!@ENDMSG 2221 @!@!@
@!@!@STARTMSG 2221:0 @!@!@
  line 202, col 76 to line 202, col 76 of module voldemort: 2744
@!@!@ENDMSG 2221 @!@!@
@!@!@STARTMSG 2221:0 @!@!@
  line 203, col 29 to line 203, col 30 of module voldemort: 2744
@!@!@ENDMSG 2221 @!@!@
@!@!@STARTMSG 2221:0 @!@!@
  line 206, col 16 to line 206, col 53 of module voldemort: 53
@!@!@ENDMSG 2221 @!@!@
@!@!@STARTMSG 2221:0 @!@!@
  line 207, col 16 to line 207, col 63 of module voldemort: 53
@!@!@ENDMSG 2221 @!@!@
@!@!@STARTMSG 2221:0 @!@!@
  line 208, col 16 to line 208, col 47 of module voldemort: 53
@!@!@ENDMSG 2221 @!@!@
@!@!@STARTMSG 2221:0 @!@!@
  line 209, col 29 to line 209, col 35 of module voldemort: 53
@!@!@ENDMSG 2221 @!@!@
@!@!@STARTMSG 2221:0 @!@!@
  line 209, col 38 to line 209, col 41 of module voldemort: 53
@!@!@ENDMSG 2221 @!@!@
@!@!@STARTMSG 2221:0 @!@!@
  line 209, col 44 to line 209, col 47 of module voldemort: 53
@!@!@ENDMSG 2221 @!@!@
@!@!@STARTMSG 2221:0 @!@!@
  line 209, col 50 to line 209, col 53 of module voldemort: 53
@!@!@ENDMSG 2221 @!@!@
@!@!@STARTMSG 2221:0 @!@!@
  line 209, col 56 to line 209, col 57 of module voldemort: 53
@!@!@ENDMSG 2221 @!@!@
@!@!@STARTMSG 2221:0 @!@!@
  line 209, col 60 to line 209, col 61 of module voldemort: 53
@!@!@ENDMSG 2221 @!@!@
@!@!@STARTMSG 2221:0 @!@!@
  line 209, col 64 to line 209, col 68 of module voldemort: 53
@!@!@ENDMSG 2221 @!@!@
@!@!@STARTMSG 2221:0 @!@!@
  line 209, col 71 to line 209, col 75 of module voldemort: 53
@!@!@ENDMSG 2221 @!@!@
@!@!@STARTMSG 2221:0 @!@!@
  line 210, col 29 to line 210, col 32 of module voldemort: 53
@!@!@ENDMSG 2221 @!@!@
@!@!@STARTMSG 2221:0 @!@!@
  line 210, col 35 to line 210, col 35 of module voldemort: 53
@!@!@ENDMSG 2221 @!@!@
@!@!@STARTMSG 2221:0 @!@!@
  line 210, col 38 to line 210, col 41 of module voldemort: 53
@!@!@ENDMSG 2221 @!@!@
@!@!@STARTMSG 2221:0 @!@!@
  line 210, col 44 to line 210, col 44 of module voldemort: 53
@!@!@ENDMSG 2221 @!@!@
@!@!@STARTMSG 2221:0 @!@!@
  line 210, col 47 to line 210, col 47 of module voldemort: 53
@!@!@ENDMSG 2221 @!@!@
@!@!@STARTMSG 2221:0 @!@!@
  line 210, col 50 to line 210, col 61 of module voldemort: 53
@!@!@ENDMSG 2221 @!@!@
@!@!@STARTMSG 2221:0 @!@!@
  line 210, col 64 to line 210, col 67 of module voldemort: 53
@!@!@ENDMSG 2221 @!@!@
@!@!@STARTMSG 2221:0 @!@!@
  line 210, col 70 to line 210, col 70 of module voldemort: 53
@!@!@ENDMSG 2221 @!@!@
@!@!@STARTMSG 2221:0 @!@!@
  line 210, col 73 to line 210, col 73 of module voldemort: 53
@!@!@ENDMSG 2221 @!@!@
@!@!@STARTMSG 2221:0 @!@!@
  line 210, col 76 to line 210, col 78 of module voldemort: 53
@!@!@ENDMSG 2221 @!@!@
@!@!@STARTMSG 2221:0 @!@!@
  line 211, col 29 to line 211, col 29 of module voldemort: 53
@!@!@ENDMSG 2221 @!@!@
@!@!@STARTMSG 2221:0 @!@!@
  line 211, col 32 to line 211, col 32 of module voldemort: 53
@!@!@ENDMSG 2221 @!@!@
@!@!@STARTMSG 2221:0 @!@!@
  line 211, col 35 to line 211, col 36 of module voldemort: 53
@!@!@ENDMSG 2221 @!@!@
@!@!@STARTMSG 2221:0 @!@!@
  line 215, col 27 to line 215, col 83 of module voldemort: 577
@!@!@ENDMSG 2221 @!@!@
@!@!@STARTMSG 2221:0 @!@!@
  line 216, col 27 to line 216, col 87 of module voldemort: 577
@!@!@ENDMSG 2221 @!@!@
@!@!@STARTMSG 2221:0 @!@!@
  line 217, col 27 to line 217, col 98 of module voldemort: 577
@!@!@ENDMSG 2221 @!@!@
@!@!@STARTMSG 2221:0 @!@!@
  line 218, col 27 to line 218, col 44 of module voldemort: 577
@!@!@ENDMSG 2221 @!@!@
@!@!@STARTMSG 2221:0 @!@!@
  line 219, col 27 to line 219, col 44 of module voldemort: 577
@!@!@ENDMSG 2221 @!@!@
@!@!@STARTMSG 2221:0 @!@!@
  line 220, col 27 to line 220, col 90 of module voldemort: 577
@!@!@ENDMSG 2221 @!@!@
@!@!@STARTMSG 2221:0 @!@!@
  line 221, col 27 to line 221, col 58 of module voldemort: 577
@!@!@ENDMSG 2221 @!@!@
@!@!@STARTMSG 2221:0 @!@!@
  line 222, col 27 to line 222, col 58 of module voldemort: 288
@!@!@ENDMSG 2221 @!@!@
@!@!@STARTMSG 2221:0 @!@!@
  line 223, col 40 to line 223, col 43 of module voldemort: 288
@!@!@ENDMSG 2221 @!@!@
@!@!@STARTMSG 2221:0 @!@!@
  line 223, col 46 to line 223, col 49 of module voldemort: 288
@!@!@ENDMSG 2221 @!@!@
@!@!@STARTMSG 2221:0 @!@!@
  line 223, col 52 to line 223, col 53 of module voldemort: 288
@!@!@ENDMSG 2221 @!@!@
@!@!@STARTMSG 2221:0 @!@!@
  line 223, col 56 to line 223, col 61 of module voldemort: 288
@!@!@ENDMSG 2221 @!@!@
@!@!@STARTMSG 2221:0 @!@!@
  line 223, col 64 to line 223, col 67 of module voldemort: 288
@!@!@ENDMSG 2221 @!@!@
@!@!@STARTMSG 2221:0 @!@!@
  line 223, col 70 to line 223, col 70 of module voldemort: 288
@!@!@ENDMSG 2221 @!@!@
@!@!@STARTMSG 2221:0 @!@!@
  line 224, col 29 to line 224, col 35 of module voldemort: 865
@!@!@ENDMSG 2221 @!@!@
@!@!@STARTMSG 2221:0 @!@!@
  line 224, col 38 to line 224, col 41 of module voldemort: 865
@!@!@ENDMSG 2221 @!@!@
@!@!@STARTMSG 2221:0 @!@!@
  line 224, col 44 to line 224, col 45 of module voldemort: 865
@!@!@ENDMSG 2221 @!@!@
@!@!@STARTMSG 2221:0 @!@!@
  line 224, col 48 to line 224, col 52 of module voldemort: 865
@!@!@ENDMSG 2221 @!@!@
@!@!@STARTMSG 2221:0 @!@!@
  line 224, col 55 to line 224, col 59 of module voldemort: 865
@!@!@ENDMSG 2221 @!@!@
@!@!@STARTMSG 2221:0 @!@!@
  line 224, col 62 to line 224, col 65 of module voldemort: 865
@!@!@ENDMSG 2221 @!@!@
@!@!@STARTMSG 2221:0 @!@!@
  line 224, col 68 to line 224, col 68 of module voldemort: 865
@!@!@ENDMSG 2221 @!@!@
@!@!@STARTMSG 2221:0 @!@!@
  line 224, col 71 to line 224, col 74 of module voldemort: 865
@!@!@ENDMSG 2221 @!@!@
@!@!@STARTMSG 2221:0 @!@!@
  line 225, col 29 to line 225, col 32 of module voldemort: 865
@!@!@ENDMSG 2221 @!@!@
@!@!@STARTMSG 2221:0 @!@!@
  line 225, col 35 to line 225, col 35 of module voldemort: 865
@!@!@ENDMSG 2221 @!@!@
@!@!@STARTMSG 2221:0 @!@!@
  line 225, col 38 to line 225, col 38 of module voldemort: 865
@!@!@ENDMSG 2221 @!@!@
@!@!@STARTMSG 2221:0 @!@!@
  line 225, col 41 to line 225, col 52 of module voldemort: 865
@!@!@ENDMSG 2221 @!@!@
@!@!@STARTMSG 2221:0 @!@!@
  line 225, col 55 to line 225, col 55 of module voldemort: 865
@!@!@ENDMSG 2221 @!@!@
@!@!@STARTMSG 2221:0 @!@!@
  line 225, col 58 to line 225, col 58 of module voldemort: 865
@!@!@ENDMSG 2221 @!@!@
@!@!@STARTMSG 2221:0 @!@!@
  line 225, col 61 to line 225, col 63 of module voldemort: 865
@!@!@ENDMSG 2221 @!@!@
@!@!@STARTMSG 2221:0 @!@!@
  line 225, col 66 to line 225, col 66 of module voldemort: 865
@!@!@ENDMSG 2221 @!@!@
@!@!@STARTMSG 2221:0 @!@!@
  line 225, col 69 to line 225, col 70 of module voldemort: 865
@!@!@ENDMSG 2221 @!@!@
@!@!@STARTMSG 2221:0 @!@!@
  line 231, col 27 to line 231, col 59 of module voldemort: 11458
@!@!@ENDMSG 2221 @!@!@
@!@!@STARTMSG 2221:0 @!@!@
  line 232, col 27 to line 232, col 46 of module voldemort: 11458
@!@!@ENDMSG 2221 @!@!@
@!@!@STARTMSG 2221:0 @!@!@
  line 234, col 38 to line 234, col 69 of module voldemort: 11198
@!@!@ENDMSG 2221 @!@!@
@!@!@STARTMSG 2221:0 @!@!@
  line 235, col 38 to line 235, col 57 of module voldemort: 11198
@!@!@ENDMSG 2221 @!@!@
@!@!@STARTMSG 2221:0 @!@!@
  line 237, col 51 to line 237, col 57 of module voldemort: 13374
@!@!@ENDMSG 2221 @!@!@
@!@!@STARTMSG 2221:0 @!@!@
  line 237, col 60 to line 237, col 61 of module voldemort: 13374
@!@!@ENDMSG 2221 @!@!@
@!@!@STARTMSG 2221:0 @!@!@
  line 238, col 16 to line 238, col 47 of module voldemort: 36030
@!@!@ENDMSG 2221 @!@!@
@!@!@STARTMSG 2221:0 @!@!@
  line 239, col 29 to line 239, col 32 of module voldemort: 36030
@!@!@ENDMSG 2221 @!@!@
@!@!@STARTMSG 2221:0 @!@!@
  line 239, col 35 to line 239, col 38 of module voldemort: 36030
@!@!@ENDMSG 2221 @!@!@
@!@!@STARTMSG 2221:0 @!@!@
  line 239, col 41 to line 239, col 44 of module voldemort: 36030
@!@!@ENDMSG 2221 @!@!@
@!@!@STARTMSG 2221:0 @!@!@
  line 239, col 47 to line 239, col 48 of module voldemort: 36030
@!@!@ENDMSG 2221 @!@!@
@!@!@STARTMSG 2221:0 @!@!@
  line 239, col 51 to line 239, col 55 of module voldemort: 36030
@!@!@ENDMSG 2221 @!@!@
@!@!@STARTMSG 2221:0 @!@!@
  line 239, col 58 to line 239, col 62 of module voldemort: 36030
@!@!@ENDMSG 2221 @!@!@
@!@!@STARTMSG 2221:0 @!@!@
  line 239, col 65 to line 239, col 68 of module voldemort: 36030
@!@!@ENDMSG 2221 @!@!@
@!@!@STARTMSG 2221:0 @!@!@
  line 239, col 71 to line 239, col 71 of module voldemort: 36030
@!@!@ENDMSG 2221 @!@!@
@!@!@STARTMSG 2221:0 @!@!@
  line 239, col 74 to line 239, col 77 of module voldemort: 36030
@!@!@ENDMSG 2221 @!@!@
@!@!@STARTMSG 2221:0 @!@!@
  line 240, col 29 to line 240, col 32 of module voldemort: 36030
@!@!@ENDMSG 2221 @!@!@
@!@!@STARTMSG 2221:0 @!@!@
  line 240, col 35 to line 240, col 35 of module voldemort: 36030
@!@!@ENDMSG 2221 @!@!@
@!@!@STARTMSG 2221:0 @!@!@
  line 240, col 38 to line 240, col 38 of module voldemort: 36030
@!@!@ENDMSG 2221 @!@!@
@!@!@STARTMSG 2221:0 @!@!@
  line 240, col 41 to line 240, col 52 of module voldemort: 36030
@!@!@ENDMSG 2221 @!@!@
@!@!@STARTMSG 2221:0 @!@!@
  line 240, col 55 to line 240, col 60 of module voldemort: 36030
@!@!@ENDMSG 2221 @!@!@
@!@!@STARTMSG 2221:0 @!@!@
  line 240, col 63 to line 240, col 66 of module voldemort: 36030
@!@!@ENDMSG 2221 @!@!@
@!@!@STARTMSG 2221:0 @!@!@
  line 240, col 69 to line 240, col 69 of module voldemort: 36030
@!@!@ENDMSG 2221 @!@!@
@!@!@STARTMSG 2221:0 @!@!@
  line 240, col 72 to line 240, col 72 of module voldemort: 36030
@!@!@ENDMSG 2221 @!@!@
@!@!@STARTMSG 2221:0 @!@!@
  line 240, col 75 to line 240, col 77 of module voldemort: 36030
@!@!@ENDMSG 2221 @!@!@
@!@!@STARTMSG 2221:0 @!@!@
  line 241, col 29 to line 241, col 29 of module voldemort: 36030
@!@!@ENDMSG 2221 @!@!@
@!@!@STARTMSG 2221:0 @!@!@
  line 241, col 32 to line 241, col 32 of module voldemort: 36030
@!@!@ENDMSG 2221 @!@!@
@!@!@STARTMSG 2221:0 @!@!@
  line 241, col 35 to line 241, col 36 of module voldemort: 36030
@!@!@ENDMSG 2221 @!@!@
@!@!@STARTMSG 2202:0 @!@!@
End of statistics.
@!@!@ENDMSG 2202 @!@!@
@!@!@STARTMSG 2200:0 @!@!@
Progress(29) at 2016-11-15 20:58:37: 43238 states generated (202,488 s/min), 7585 distinct states found (35,521 ds/min), 377 states left on queue.
@!@!@ENDMSG 2200 @!@!@
@!@!@STARTMSG 2199:0 @!@!@
43238 states generated, 7585 distinct states found, 377 states left on queue.
@!@!@ENDMSG 2199 @!@!@
@!@!@STARTMSG 2194:0 @!@!@
The depth of the complete state graph search is 29.
@!@!@ENDMSG 2194 @!@!@
@!@!@STARTMSG 2186:0 @!@!@
Finished in 14s at (2016-11-15 20:58:37)
@!@!@ENDMSG 2186 @!@!@
